<?xml version="1.0" encoding="UTF-8"?>
<testng-results ignored="0" total="1" passed="1" failed="0" skipped="0">
  <reporter-output>
  </reporter-output>
  <suite started-at="2023-11-23T11:20:59 IST" name="Default suite" finished-at="2023-11-23T11:23:03 IST" duration-ms="124297">
    <groups>
    </groups>
    <test started-at="2023-11-23T11:20:59 IST" name="Default test" finished-at="2023-11-23T11:23:03 IST" duration-ms="124297">
      <class name="abhiram.Task">
        <test-method is-config="true" signature="Setup()[pri:0, instance:abhiram.Task@6d3a388c]" started-at="2023-11-23T11:20:59 IST" name="Setup" finished-at="2023-11-23T11:21:05 IST" duration-ms="6058" status="PASS">
          <reporter-output>
          </reporter-output>
        </test-method> <!-- Setup -->
        <test-method signature="Patientcount()[pri:0, instance:abhiram.Task@6d3a388c]" started-at="2023-11-23T11:21:05 IST" name="Patientcount" finished-at="2023-11-23T11:23:03 IST" duration-ms="118196" status="PASS">
          <reporter-output>
          </reporter-output>
        </test-method> <!-- Patientcount -->
      </class> <!-- abhiram.Task -->
    </test> <!-- Default test -->
  </suite> <!-- Default suite -->
</testng-results>
